[2025-10-27 15:40:12] debug.ERROR: Unable to create a directory at /var/www/html/storage/app/public/i_a_fv03cusq629lwno3kzg2wl9w3trydlam. {"userId":1,"exception":"[object] (League\\Flysystem\\UnableToCreateDirectory(code: 0): Unable to create a directory at /var/www/html/storage/app/public/i_a_fv03cusq629lwno3kzg2wl9w3trydlam. at /var/www/html/vendor/league/flysystem/src/UnableToCreateDirectory.php:18)
[stacktrace]
#0 /var/www/html/vendor/league/flysystem-local/LocalFilesystemAdapter.php(333): League\\Flysystem\\UnableToCreateDirectory::atLocation('/var/www/html/s...', '')
#1 /var/www/html/vendor/league/flysystem-local/LocalFilesystemAdapter.php(122): League\\Flysystem\\Local\\LocalFilesystemAdapter->ensureDirectoryExists('/var/www/html/s...', 493)
#2 /var/www/html/vendor/league/flysystem-local/LocalFilesystemAdapter.php(107): League\\Flysystem\\Local\\LocalFilesystemAdapter->writeToFile('i_a_fv03cusq629...', 'RIFF\\xBA\\x07\\x00\\x00WEBPVP8...', Object(League\\Flysystem\\Config))
#3 /var/www/html/vendor/league/flysystem/src/Filesystem.php(55): League\\Flysystem\\Local\\LocalFilesystemAdapter->write('i_a_fv03cusq629...', 'RIFF\\xBA\\x07\\x00\\x00WEBPVP8...', Object(League\\Flysystem\\Config))
#4 /var/www/html/vendor/laravel/framework/src/Illuminate/Filesystem/FilesystemAdapter.php(370): League\\Flysystem\\Filesystem->write('i_a_fv03cusq629...', 'RIFF\\xBA\\x07\\x00\\x00WEBPVP8...', Array)
#5 /var/www/html/dev/dev/laravel-assets/src/Actions/AssetStore.php(57): Illuminate\\Filesystem\\FilesystemAdapter->put('i_a_fv03cusq629...', 'RIFF\\xBA\\x07\\x00\\x00WEBPVP8...')
#6 /var/www/html/dev/dev/php-actions/src/Run.php(12): Dev\\LaravelAssets\\Actions\\AssetStore->handle()
#7 /var/www/html/dev/dev/php-actions/src/Builder.php(51): Dev\\PHPActions\\Run::action(Object(Dev\\LaravelAssets\\Actions\\AssetStore))
#8 /var/www/html/dev/dev/laravel-assets/src/Actions/Image/ImageStore.php(65): Dev\\PHPActions\\Builder->run()
#9 /var/www/html/dev/dev/php-actions/src/Run.php(12): Dev\\LaravelAssets\\Actions\\Image\\ImageStore->handle()
#10 /var/www/html/dev/dev/php-actions/src/Builder.php(51): Dev\\PHPActions\\Run::action(Object(Dev\\LaravelAssets\\Actions\\Image\\ImageStore))
#11 /var/www/html/app/Actions/Article/ArticleStore.php(60): Dev\\PHPActions\\Builder->run()
#12 /var/www/html/dev/dev/php-actions/src/Run.php(12): App\\Actions\\Article\\ArticleStore->handle()
#13 /var/www/html/dev/dev/php-actions/src/Builder.php(51): Dev\\PHPActions\\Run::action(Object(App\\Actions\\Article\\ArticleStore))
#14 /var/www/html/dev/dev/laravel-highway/src/HighwayController.php(66): Dev\\PHPActions\\Builder->run()
#15 /var/www/html/dev/dev/laravel-highway/src/HighwayController.php(153): Dev\\LaravelHighway\\HighwayController->_action('Store', 'App', 'Admin')
#16 /var/www/html/vendor/laravel/framework/src/Illuminate/Container/BoundMethod.php(36): Dev\\LaravelHighway\\HighwayController->action('App\\\\Models\\\\Arti...', 'Store', 'App', 'admin.article.s...', 'Admin')
#17 /var/www/html/vendor/laravel/framework/src/Illuminate/Container/Util.php(41): Illuminate\\Container\\BoundMethod::{closure:Illuminate\\Container\\BoundMethod::call():35}()
#18 /var/www/html/vendor/laravel/framework/src/Illuminate/Container/BoundMethod.php(93): Illuminate\\Container\\Util::unwrapIfClosure(Object(Closure))
#19 /var/www/html/vendor/laravel/framework/src/Illuminate/Container/BoundMethod.php(35): Illuminate\\Container\\BoundMethod::callBoundMethod(Object(Illuminate\\Foundation\\Application), Array, Object(Closure))
#20 /var/www/html/vendor/laravel/framework/src/Illuminate/Container/BoundMethod.php(65): Illuminate\\Container\\BoundMethod::call(Object(Illuminate\\Foundation\\Application), Array, Array)
#21 /var/www/html/vendor/laravel/framework/src/Illuminate/Container/BoundMethod.php(32): Illuminate\\Container\\BoundMethod::callClass(Object(Illuminate\\Foundation\\Application), 'App\\\\Http\\\\Contro...', Array, NULL)
#22 /var/www/html/vendor/laravel/framework/src/Illuminate/Container/Container.php(662): Illuminate\\Container\\BoundMethod::call(Object(Illuminate\\Foundation\\Application), 'App\\\\Http\\\\Contro...', Array, NULL)
#23 /var/www/html/vendor/laravel/framework/src/Illuminate/Support/Facades/Facade.php(355): Illuminate\\Container\\Container->call('App\\\\Http\\\\Contro...', Array)
#24 laravel-serializable-closure://function () use ($methodName, $namespace, $routeName, $entity, $context_name, $class) {
                    return \\Illuminate\\Support\\Facades\\App::call($class . '@action', [
                        'entity' => $entity,
                        'type' => $methodName,
                        'namespace' => $namespace,
                        'routeName' => $routeName,
                        'contextName' => $context_name
                    ]);
                }(3): Illuminate\\Support\\Facades\\Facade::__callStatic('call', Array)
#25 /var/www/html/vendor/laravel/framework/src/Illuminate/Routing/CallableDispatcher.php(40): Dev\\LaravelHighway\\Highway::{closure:laravel-serializable-closure://function () use ($methodName, $namespace, $routeName, $entity, $context_name, $class) {
                    return \\Illuminate\\Support\\Facades\\App::call($class . '@action', [
                        'entity' => $entity,
                        'type' => $methodName,
                        'namespace' => $namespace,
                        'routeName' => $routeName,
                        'contextName' => $context_name
                    ]);
                }:2}()
#26 /var/www/html/vendor/laravel/framework/src/Illuminate/Routing/Route.php(237): Illuminate\\Routing\\CallableDispatcher->dispatch(Object(Illuminate\\Routing\\Route), Object(Closure))
#27 /var/www/html/vendor/laravel/framework/src/Illuminate/Routing/Route.php(208): Illuminate\\Routing\\Route->runCallable()
#28 /var/www/html/vendor/laravel/framework/src/Illuminate/Routing/Router.php(806): Illuminate\\Routing\\Route->run()
#29 /var/www/html/vendor/laravel/framework/src/Illuminate/Pipeline/Pipeline.php(144): Illuminate\\Routing\\Router->{closure:Illuminate\\Routing\\Router::runRouteWithinStack():805}(Object(Illuminate\\Http\\Request))
#30 /var/www/html/app/Http/Middleware/VerifyGoogleAuthentication.php(37): Illuminate\\Pipeline\\Pipeline->{closure:Illuminate\\Pipeline\\Pipeline::prepareDestination():142}(Object(Illuminate\\Http\\Request))
#31 /var/www/html/vendor/laravel/framework/src/Illuminate/Pipeline/Pipeline.php(183): App\\Http\\Middleware\\VerifyGoogleAuthentication->handle(Object(Illuminate\\Http\\Request), Object(Closure))
#32 /var/www/html/app/Http/Middleware/RedirectToAdminDomain.php(23): Illuminate\\Pipeline\\Pipeline->{closure:{closure:Illuminate\\Pipeline\\Pipeline::carry():158}:159}(Object(Illuminate\\Http\\Request))
#33 /var/www/html/vendor/laravel/framework/src/Illuminate/Pipeline/Pipeline.php(183): App\\Http\\Middleware\\RedirectToAdminDomain->handle(Object(Illuminate\\Http\\Request), Object(Closure))
#34 /var/www/html/app/Http/Middleware/VerifyUserToken.php(28): Illuminate\\Pipeline\\Pipeline->{closure:{closure:Illuminate\\Pipeline\\Pipeline::carry():158}:159}(Object(Illuminate\\Http\\Request))
#35 /var/www/html/vendor/laravel/framework/src/Illuminate/Pipeline/Pipeline.php(183): App\\Http\\Middleware\\VerifyUserToken->handle(Object(Illuminate\\Http\\Request), Object(Closure))
#36 /var/www/html/app/Http/Middleware/Localize.php(21): Illuminate\\Pipeline\\Pipeline->{closure:{closure:Illuminate\\Pipeline\\Pipeline::carry():158}:159}(Object(Illuminate\\Http\\Request))
#37 /var/www/html/vendor/laravel/framework/src/Illuminate/Pipeline/Pipeline.php(183): App\\Http\\Middleware\\Localize->handle(Object(Illuminate\\Http\\Request), Object(Closure))
#38 /var/www/html/app/Http/Middleware/CalculateOrigin.php(40): Illuminate\\Pipeline\\Pipeline->{closure:{closure:Illuminate\\Pipeline\\Pipeline::carry():158}:159}(Object(Illuminate\\Http\\Request))
#39 /var/www/html/vendor/laravel/framework/src/Illuminate/Pipeline/Pipeline.php(183): App\\Http\\Middleware\\CalculateOrigin->handle(Object(Illuminate\\Http\\Request), Object(Closure))
#40 /var/www/html/app/Http/Middleware/Shield.php(30): Illuminate\\Pipeline\\Pipeline->{closure:{closure:Illuminate\\Pipeline\\Pipeline::carry():158}:159}(Object(Illuminate\\Http\\Request))
#41 /var/www/html/vendor/laravel/framework/src/Illuminate/Pipeline/Pipeline.php(183): App\\Http\\Middleware\\Shield->handle(Object(Illuminate\\Http\\Request), Object(Closure))
#42 /var/www/html/vendor/laravel/framework/src/Illuminate/Routing/Middleware/SubstituteBindings.php(50): Illuminate\\Pipeline\\Pipeline->{closure:{closure:Illuminate\\Pipeline\\Pipeline::carry():158}:159}(Object(Illuminate\\Http\\Request))
#43 /var/www/html/vendor/laravel/framework/src/Illuminate/Pipeline/Pipeline.php(183): Illuminate\\Routing\\Middleware\\SubstituteBindings->handle(Object(Illuminate\\Http\\Request), Object(Closure))
#44 /var/www/html/vendor/laravel/framework/src/Illuminate/View/Middleware/ShareErrorsFromSession.php(49): Illuminate\\Pipeline\\Pipeline->{closure:{closure:Illuminate\\Pipeline\\Pipeline::carry():158}:159}(Object(Illuminate\\Http\\Request))
#45 /var/www/html/vendor/laravel/framework/src/Illuminate/Pipeline/Pipeline.php(183): Illuminate\\View\\Middleware\\ShareErrorsFromSession->handle(Object(Illuminate\\Http\\Request), Object(Closure))
#46 /var/www/html/vendor/laravel/framework/src/Illuminate/Session/Middleware/StartSession.php(121): Illuminate\\Pipeline\\Pipeline->{closure:{closure:Illuminate\\Pipeline\\Pipeline::carry():158}:159}(Object(Illuminate\\Http\\Request))
#47 /var/www/html/vendor/laravel/framework/src/Illuminate/Session/Middleware/StartSession.php(64): Illuminate\\Session\\Middleware\\StartSession->handleStatefulRequest(Object(Illuminate\\Http\\Request), Object(Illuminate\\Session\\Store), Object(Closure))
#48 /var/www/html/vendor/laravel/framework/src/Illuminate/Pipeline/Pipeline.php(183): Illuminate\\Session\\Middleware\\StartSession->handle(Object(Illuminate\\Http\\Request), Object(Closure))
#49 /var/www/html/vendor/laravel/framework/src/Illuminate/Cookie/Middleware/AddQueuedCookiesToResponse.php(37): Illuminate\\Pipeline\\Pipeline->{closure:{closure:Illuminate\\Pipeline\\Pipeline::carry():158}:159}(Object(Illuminate\\Http\\Request))
#50 /var/www/html/vendor/laravel/framework/src/Illuminate/Pipeline/Pipeline.php(183): Illuminate\\Cookie\\Middleware\\AddQueuedCookiesToResponse->handle(Object(Illuminate\\Http\\Request), Object(Closure))
#51 /var/www/html/vendor/laravel/framework/src/Illuminate/Cookie/Middleware/EncryptCookies.php(67): Illuminate\\Pipeline\\Pipeline->{closure:{closure:Illuminate\\Pipeline\\Pipeline::carry():158}:159}(Object(Illuminate\\Http\\Request))
#52 /var/www/html/vendor/laravel/framework/src/Illuminate/Pipeline/Pipeline.php(183): Illuminate\\Cookie\\Middleware\\EncryptCookies->handle(Object(Illuminate\\Http\\Request), Object(Closure))
#53 /var/www/html/vendor/laravel/framework/src/Illuminate/Pipeline/Pipeline.php(119): Illuminate\\Pipeline\\Pipeline->{closure:{closure:Illuminate\\Pipeline\\Pipeline::carry():158}:159}(Object(Illuminate\\Http\\Request))
#54 /var/www/html/vendor/laravel/framework/src/Illuminate/Routing/Router.php(805): Illuminate\\Pipeline\\Pipeline->then(Object(Closure))
#55 /var/www/html/vendor/laravel/framework/src/Illuminate/Routing/Router.php(784): Illuminate\\Routing\\Router->runRouteWithinStack(Object(Illuminate\\Routing\\Route), Object(Illuminate\\Http\\Request))
#56 /var/www/html/vendor/laravel/framework/src/Illuminate/Routing/Router.php(748): Illuminate\\Routing\\Router->runRoute(Object(Illuminate\\Http\\Request), Object(Illuminate\\Routing\\Route))
#57 /var/www/html/vendor/laravel/framework/src/Illuminate/Routing/Router.php(737): Illuminate\\Routing\\Router->dispatchToRoute(Object(Illuminate\\Http\\Request))
#58 /var/www/html/vendor/laravel/framework/src/Illuminate/Foundation/Http/Kernel.php(200): Illuminate\\Routing\\Router->dispatch(Object(Illuminate\\Http\\Request))
#59 /var/www/html/vendor/laravel/framework/src/Illuminate/Pipeline/Pipeline.php(144): Illuminate\\Foundation\\Http\\Kernel->{closure:Illuminate\\Foundation\\Http\\Kernel::dispatchToRouter():197}(Object(Illuminate\\Http\\Request))
#60 /var/www/html/vendor/laravel/framework/src/Illuminate/Foundation/Http/Middleware/TransformsRequest.php(21): Illuminate\\Pipeline\\Pipeline->{closure:Illuminate\\Pipeline\\Pipeline::prepareDestination():142}(Object(Illuminate\\Http\\Request))
#61 /var/www/html/vendor/laravel/framework/src/Illuminate/Foundation/Http/Middleware/ConvertEmptyStringsToNull.php(31): Illuminate\\Foundation\\Http\\Middleware\\TransformsRequest->handle(Object(Illuminate\\Http\\Request), Object(Closure))
#62 /var/www/html/vendor/laravel/framework/src/Illuminate/Pipeline/Pipeline.php(183): Illuminate\\Foundation\\Http\\Middleware\\ConvertEmptyStringsToNull->handle(Object(Illuminate\\Http\\Request), Object(Closure))
#63 /var/www/html/vendor/laravel/framework/src/Illuminate/Foundation/Http/Middleware/TransformsRequest.php(21): Illuminate\\Pipeline\\Pipeline->{closure:{closure:Illuminate\\Pipeline\\Pipeline::carry():158}:159}(Object(Illuminate\\Http\\Request))
#64 /var/www/html/vendor/laravel/framework/src/Illuminate/Foundation/Http/Middleware/TrimStrings.php(40): Illuminate\\Foundation\\Http\\Middleware\\TransformsRequest->handle(Object(Illuminate\\Http\\Request), Object(Closure))
#65 /var/www/html/vendor/laravel/framework/src/Illuminate/Pipeline/Pipeline.php(183): Illuminate\\Foundation\\Http\\Middleware\\TrimStrings->handle(Object(Illuminate\\Http\\Request), Object(Closure))
#66 /var/www/html/vendor/laravel/framework/src/Illuminate/Foundation/Http/Middleware/ValidatePostSize.php(27): Illuminate\\Pipeline\\Pipeline->{closure:{closure:Illuminate\\Pipeline\\Pipeline::carry():158}:159}(Object(Illuminate\\Http\\Request))
#67 /var/www/html/vendor/laravel/framework/src/Illuminate/Pipeline/Pipeline.php(183): Illuminate\\Foundation\\Http\\Middleware\\ValidatePostSize->handle(Object(Illuminate\\Http\\Request), Object(Closure))
#68 /var/www/html/vendor/laravel/framework/src/Illuminate/Foundation/Http/Middleware/PreventRequestsDuringMaintenance.php(99): Illuminate\\Pipeline\\Pipeline->{closure:{closure:Illuminate\\Pipeline\\Pipeline::carry():158}:159}(Object(Illuminate\\Http\\Request))
#69 /var/www/html/vendor/laravel/framework/src/Illuminate/Pipeline/Pipeline.php(183): Illuminate\\Foundation\\Http\\Middleware\\PreventRequestsDuringMaintenance->handle(Object(Illuminate\\Http\\Request), Object(Closure))
#70 /var/www/html/vendor/laravel/framework/src/Illuminate/Http/Middleware/HandleCors.php(49): Illuminate\\Pipeline\\Pipeline->{closure:{closure:Illuminate\\Pipeline\\Pipeline::carry():158}:159}(Object(Illuminate\\Http\\Request))
#71 /var/www/html/vendor/laravel/framework/src/Illuminate/Pipeline/Pipeline.php(183): Illuminate\\Http\\Middleware\\HandleCors->handle(Object(Illuminate\\Http\\Request), Object(Closure))
#72 /var/www/html/vendor/laravel/framework/src/Illuminate/Http/Middleware/TrustProxies.php(39): Illuminate\\Pipeline\\Pipeline->{closure:{closure:Illuminate\\Pipeline\\Pipeline::carry():158}:159}(Object(Illuminate\\Http\\Request))
#73 /var/www/html/vendor/laravel/framework/src/Illuminate/Pipeline/Pipeline.php(183): Illuminate\\Http\\Middleware\\TrustProxies->handle(Object(Illuminate\\Http\\Request), Object(Closure))
#74 /var/www/html/vendor/laravel/framework/src/Illuminate/Pipeline/Pipeline.php(119): Illuminate\\Pipeline\\Pipeline->{closure:{closure:Illuminate\\Pipeline\\Pipeline::carry():158}:159}(Object(Illuminate\\Http\\Request))
#75 /var/www/html/vendor/laravel/framework/src/Illuminate/Foundation/Http/Kernel.php(175): Illuminate\\Pipeline\\Pipeline->then(Object(Closure))
#76 /var/www/html/vendor/laravel/framework/src/Illuminate/Foundation/Http/Kernel.php(144): Illuminate\\Foundation\\Http\\Kernel->sendRequestThroughRouter(Object(Illuminate\\Http\\Request))
#77 /var/www/html/public/index.php(51): Illuminate\\Foundation\\Http\\Kernel->handle(Object(Illuminate\\Http\\Request))
#78 {main}
"} 
